<?xml version="1.0" encoding="UTF-8"?>
<!-- Generated by org.testng.reporters.JUnitXMLReporter -->
<testsuite ignored="0" hostname="DESKTOP-GDOR9DN" failures="0" tests="3" name="Default test" time="0.174" errors="0" timestamp="2022-07-08T21:11:57 IST">
  <testcase classname="testNGFB.FacebookApplicationTestNG" name="@BeforeTest browserLaunch" time="-1.657294916925E9">
    <failure type="org.testng.TestNGException" message="
Parameter &amp;apos;browserName&amp;apos; is required by BeforeTest on method browserLaunch but has not been marked @Optional or defined
in C:\Users\HP\AppData\Local\Temp\testng-eclipse-1269236764\testng-customsuite.xml">
      <![CDATA[org.testng.TestNGException: 
Parameter 'browserName' is required by BeforeTest on method browserLaunch but has not been marked @Optional or defined
in C:\Users\HP\AppData\Local\Temp\testng-eclipse-1269236764\testng-customsuite.xml
at org.testng.internal.Parameters.createParams(Parameters.java:270)
at org.testng.internal.Parameters.createParametersForMethod(Parameters.java:358)
at org.testng.internal.Parameters.createParameters(Parameters.java:700)
at org.testng.internal.Parameters.createConfigurationParameters(Parameters.java:168)
at org.testng.internal.ConfigInvoker.invokeConfigurations(ConfigInvoker.java:302)
at org.testng.TestRunner.invokeTestConfigurations(TestRunner.java:637)
at org.testng.TestRunner.beforeRun(TestRunner.java:627)
at org.testng.TestRunner.run(TestRunner.java:589)
at org.testng.SuiteRunner.runTest(SuiteRunner.java:377)
at org.testng.SuiteRunner.runSequentially(SuiteRunner.java:371)
at org.testng.SuiteRunner.privateRun(SuiteRunner.java:332)
at org.testng.SuiteRunner.run(SuiteRunner.java:276)
at org.testng.SuiteRunnerWorker.runSuite(SuiteRunnerWorker.java:53)
at org.testng.SuiteRunnerWorker.run(SuiteRunnerWorker.java:96)
at org.testng.TestNG.runSuitesSequentially(TestNG.java:1212)
at org.testng.TestNG.runSuitesLocally(TestNG.java:1134)
at org.testng.TestNG.runSuites(TestNG.java:1063)
at org.testng.TestNG.run(TestNG.java:1031)
at org.testng.remote.AbstractRemoteTestNG.run(AbstractRemoteTestNG.java:115)
at org.testng.remote.RemoteTestNG.initAndRun(RemoteTestNG.java:251)
at org.testng.remote.RemoteTestNG.main(RemoteTestNG.java:77)
]]>
    </failure>
  </testcase> <!-- @BeforeTest browserLaunch -->
  <testcase classname="testNGFB.FacebookApplicationTestNG" name="@BeforeClass allPomClassObjectCreate" time="-1.657294916994E9">
    <skipped/>
  </testcase> <!-- @BeforeClass allPomClassObjectCreate -->
  <testcase classname="testNGFB.FacebookApplicationTestNG" name="@BeforeMethod loginFB" time="-1.657294917026E9">
    <skipped/>
  </testcase> <!-- @BeforeMethod loginFB -->
  <testcase classname="testNGFB.FacebookApplicationTestNG" name="@AfterMethod logoutFromFaceBook" time="-1.65729491704E9">
    <skipped/>
  </testcase> <!-- @AfterMethod logoutFromFaceBook -->
  <testcase classname="testNGFB.FacebookApplicationTestNG" name="@BeforeMethod loginFB" time="-1.657294917047E9">
    <skipped/>
  </testcase> <!-- @BeforeMethod loginFB -->
  <testcase classname="testNGFB.FacebookApplicationTestNG" name="@AfterMethod logoutFromFaceBook" time="-1.65729491706E9">
    <skipped/>
  </testcase> <!-- @AfterMethod logoutFromFaceBook -->
  <testcase classname="testNGFB.FacebookApplicationTestNG" name="@BeforeMethod loginFB" time="-1.657294917063E9">
    <skipped/>
  </testcase> <!-- @BeforeMethod loginFB -->
  <testcase classname="testNGFB.FacebookApplicationTestNG" name="@AfterMethod logoutFromFaceBook" time="-1.657294917076E9">
    <skipped/>
  </testcase> <!-- @AfterMethod logoutFromFaceBook -->
  <testcase classname="testNGFB.FacebookApplicationTestNG" name="@AfterClass clearObject" time="-1.657294917082E9">
    <skipped/>
  </testcase> <!-- @AfterClass clearObject -->
  <testcase classname="testNGFB.FacebookApplicationTestNG" name="@AfterTest closedBrowser" time="-1.657294917087E9">
    <skipped/>
  </testcase> <!-- @AfterTest closedBrowser -->
  <testcase classname="testNGFB.FacebookApplicationTestNG" name="verifyWatchLive" time="0.001">
    <skipped/>
  </testcase> <!-- verifyWatchLive -->
  <testcase classname="testNGFB.FacebookApplicationTestNG" name="verifyFriendsURL" time="0.0">
    <skipped/>
  </testcase> <!-- verifyFriendsURL -->
  <testcase classname="testNGFB.FacebookApplicationTestNG" name="verifyMarketPlace" time="0.0">
    <skipped/>
  </testcase> <!-- verifyMarketPlace -->
</testsuite> <!-- Default test -->
