<?xml version="1.0" encoding="UTF-8"?>
<!-- Generated by org.testng.reporters.JUnitXMLReporter -->
<testsuite ignored="0" hostname="DESKTOP-GDOR9DN" failures="0" tests="3" name="FirefoxBrowser" time="6.894" errors="0" timestamp="2022-07-07T15:02:14 IST">
  <testcase classname="testNGFB.FacebookApplicationTestNG" name="@BeforeMethod loginFB" time="3.178">
    <failure type="org.openqa.selenium.NoSuchWindowException" message="no such window: target window already closed
from unknown error: web view not found
  (Session info: chrome=103.0.5060.114)
Build info: version: &amp;apos;3.141.59&amp;apos;, revision: &amp;apos;e82be7d358&amp;apos;, time: &amp;apos;2018-11-14T08:17:03&amp;apos;
System info: host: &amp;apos;DESKTOP-GDOR9DN&amp;apos;, ip: &amp;apos;192.168.1.35&amp;apos;, os.name: &amp;apos;Windows 10&amp;apos;, os.arch: &amp;apos;amd64&amp;apos;, os.version: &amp;apos;10.0&amp;apos;, java.version: &amp;apos;17.0.2&amp;apos;
Driver info: org.openqa.selenium.chrome.ChromeDriver
Capabilities {acceptInsecureCerts: false, browserName: chrome, browserVersion: 103.0.5060.114, chrome: {chromedriverVersion: 102.0.5005.61 (0e59bcc00cc4..., userDataDir: C:\Users\HP\AppData\Local\T...}, goog:chromeOptions: {debuggerAddress: localhost:63732}, javascriptEnabled: true, networkConnectionEnabled: false, pageLoadStrategy: normal, platform: WINDOWS, platformName: WINDOWS, proxy: Proxy(), setWindowRect: true, strictFileInteractability: false, timeouts: {implicit: 0, pageLoad: 300000, script: 30000}, unhandledPromptBehavior: dismiss and notify, webauthn:extension:credBlob: true, webauthn:extension:largeBlob: true, webauthn:virtualAuthenticators: true}
Session ID: 29e410adc1276d2bf417a7797732d29d
*** Element info: {Using=xpath, value=//input[@name=&amp;apos;email&amp;apos;]}">
      <![CDATA[org.openqa.selenium.NoSuchWindowException: no such window: target window already closed
from unknown error: web view not found
  (Session info: chrome=103.0.5060.114)
Build info: version: '3.141.59', revision: 'e82be7d358', time: '2018-11-14T08:17:03'
System info: host: 'DESKTOP-GDOR9DN', ip: '192.168.1.35', os.name: 'Windows 10', os.arch: 'amd64', os.version: '10.0', java.version: '17.0.2'
Driver info: org.openqa.selenium.chrome.ChromeDriver
Capabilities {acceptInsecureCerts: false, browserName: chrome, browserVersion: 103.0.5060.114, chrome: {chromedriverVersion: 102.0.5005.61 (0e59bcc00cc4..., userDataDir: C:\Users\HP\AppData\Local\T...}, goog:chromeOptions: {debuggerAddress: localhost:63732}, javascriptEnabled: true, networkConnectionEnabled: false, pageLoadStrategy: normal, platform: WINDOWS, platformName: WINDOWS, proxy: Proxy(), setWindowRect: true, strictFileInteractability: false, timeouts: {implicit: 0, pageLoad: 300000, script: 30000}, unhandledPromptBehavior: dismiss and notify, webauthn:extension:credBlob: true, webauthn:extension:largeBlob: true, webauthn:virtualAuthenticators: true}
Session ID: 29e410adc1276d2bf417a7797732d29d
*** Element info: {Using=xpath, value=//input[@name='email']}
at org.openqa.selenium.remote.http.W3CHttpResponseCodec.createException(W3CHttpResponseCodec.java:187)
at org.openqa.selenium.remote.http.W3CHttpResponseCodec.decode(W3CHttpResponseCodec.java:122)
at org.openqa.selenium.remote.http.W3CHttpResponseCodec.decode(W3CHttpResponseCodec.java:49)
at org.openqa.selenium.remote.HttpCommandExecutor.execute(HttpCommandExecutor.java:158)
at org.openqa.selenium.remote.service.DriverCommandExecutor.execute(DriverCommandExecutor.java:83)
at org.openqa.selenium.remote.RemoteWebDriver.execute(RemoteWebDriver.java:552)
at org.openqa.selenium.remote.RemoteWebDriver.findElement(RemoteWebDriver.java:323)
at org.openqa.selenium.remote.RemoteWebDriver.findElementByXPath(RemoteWebDriver.java:428)
at org.openqa.selenium.By$ByXPath.findElement(By.java:353)
at org.openqa.selenium.remote.RemoteWebDriver.findElement(RemoteWebDriver.java:315)
at org.openqa.selenium.support.pagefactory.DefaultElementLocator.findElement(DefaultElementLocator.java:69)
at org.openqa.selenium.support.pagefactory.internal.LocatingElementHandler.invoke(LocatingElementHandler.java:38)
at jdk.proxy2/jdk.proxy2.$Proxy17.sendKeys(Unknown Source)
at pomClass.LoginFB.loginToFB(LoginFB.java:33)
at testNGFB.FacebookApplicationTestNG.loginFB(FacebookApplicationTestNG.java:70)
at java.base/java.util.ArrayList.forEach(ArrayList.java:1511)
... Removed 36 stack frames]]>
    </failure>
  </testcase> <!-- @BeforeMethod loginFB -->
  <testcase classname="testNGFB.FacebookApplicationTestNG" name="@AfterMethod logoutFromFaceBook" time="-1.657186334794E9">
    <skipped/>
  </testcase> <!-- @AfterMethod logoutFromFaceBook -->
  <testcase classname="testNGFB.FacebookApplicationTestNG" name="@BeforeMethod loginFB" time="-1.657186334797E9">
    <skipped/>
  </testcase> <!-- @BeforeMethod loginFB -->
  <testcase classname="testNGFB.FacebookApplicationTestNG" name="@AfterMethod logoutFromFaceBook" time="-1.657186334817E9">
    <skipped/>
  </testcase> <!-- @AfterMethod logoutFromFaceBook -->
  <testcase classname="testNGFB.FacebookApplicationTestNG" name="@BeforeMethod loginFB" time="-1.65718633482E9">
    <skipped/>
  </testcase> <!-- @BeforeMethod loginFB -->
  <testcase classname="testNGFB.FacebookApplicationTestNG" name="@AfterMethod logoutFromFaceBook" time="-1.657186334892E9">
    <skipped/>
  </testcase> <!-- @AfterMethod logoutFromFaceBook -->
  <testcase classname="testNGFB.FacebookApplicationTestNG" name="@AfterClass clearObject" time="-1.657186334908E9">
    <skipped/>
  </testcase> <!-- @AfterClass clearObject -->
  <testcase classname="testNGFB.FacebookApplicationTestNG" name="@AfterTest closedBrowser" time="-1.657186334916E9">
    <skipped/>
  </testcase> <!-- @AfterTest closedBrowser -->
  <testcase classname="testNGFB.FacebookApplicationTestNG" name="verifyWatchLive" time="0.0">
    <skipped/>
  </testcase> <!-- verifyWatchLive -->
  <testcase classname="testNGFB.FacebookApplicationTestNG" name="verifyFriendsURL" time="0.0">
    <skipped/>
  </testcase> <!-- verifyFriendsURL -->
  <testcase classname="testNGFB.FacebookApplicationTestNG" name="verifyMarketPlace" time="0.0">
    <skipped/>
  </testcase> <!-- verifyMarketPlace -->
</testsuite> <!-- FirefoxBrowser -->
